Start Point, End Point, WNS (ns)
u_ibex_core.id_stage_i.controller_i.instr_i,instr_addr_o[30],0.5791
u_ibex_core.id_stage_i.controller_i.instr_i,instr_addr_o[31],0.583
u_ibex_core.id_stage_i.controller_i.instr_i,instr_addr_o[29],0.6696
u_ibex_core.id_stage_i.controller_i.instr_i,data_addr_o[31],0.6791
u_ibex_core.id_stage_i.controller_i.instr_i,instr_addr_o[28],0.7043
u_ibex_core.id_stage_i.controller_i.instr_i,data_addr_o[30],0.7065
u_ibex_core.id_stage_i.controller_i.instr_i,instr_addr_o[27],0.7677
u_ibex_core.id_stage_i.controller_i.instr_i,data_addr_o[29],0.776
u_ibex_core.id_stage_i.controller_i.instr_i,data_addr_o[28],0.8093
u_ibex_core.id_stage_i.controller_i.instr_i,data_addr_o[27],0.8565
u_ibex_core.id_stage_i.controller_i.instr_i,instr_addr_o[26],0.8573
u_ibex_core.id_stage_i.controller_i.instr_i,instr_addr_o[24],0.8842
u_ibex_core.id_stage_i.controller_i.instr_i,instr_addr_o[25],0.8926
u_ibex_core.id_stage_i.controller_i.instr_i,instr_addr_o[23],0.9199
u_ibex_core.id_stage_i.controller_i.instr_i,data_addr_o[26],0.9606
u_ibex_core.id_stage_i.controller_i.instr_i,data_addr_o[25],0.9747
u_ibex_core.id_stage_i.controller_i.instr_i,instr_addr_o[22],0.9825
u_ibex_core.id_stage_i.controller_i.instr_i,data_addr_o[24],0.9941
u_ibex_core.id_stage_i.controller_i.instr_i,instr_addr_o[21],0.9983
u_ibex_core.id_stage_i.controller_i.instr_i,data_addr_o[23],1.0264
u_ibex_core.id_stage_i.controller_i.instr_i,instr_addr_o[20],1.07
u_ibex_core.id_stage_i.controller_i.instr_i,data_addr_o[21],1.0847
u_ibex_core.id_stage_i.controller_i.instr_i,data_addr_o[22],1.0851
u_ibex_core.id_stage_i.controller_i.instr_i,instr_addr_o[19],1.1424
u_ibex_core.id_stage_i.controller_i.instr_i,instr_addr_o[18],1.1473
u_ibex_core.id_stage_i.controller_i.instr_i,data_addr_o[20],1.1869
u_ibex_core.id_stage_i.controller_i.instr_i,instr_addr_o[17],1.2038
u_ibex_core.id_stage_i.controller_i.instr_i,instr_addr_o[16],1.2131
u_ibex_core.id_stage_i.controller_i.instr_i,instr_addr_o[15],1.2148
u_ibex_core.id_stage_i.controller_i.instr_i,data_addr_o[19],1.2168
u_ibex_core.id_stage_i.controller_i.instr_i,instr_addr_o[14],1.2507
u_ibex_core.id_stage_i.controller_i.instr_i,data_addr_o[18],1.2587
u_ibex_core.id_stage_i.controller_i.instr_i,data_addr_o[17],1.2812
u_ibex_core.id_stage_i.controller_i.instr_i,instr_addr_o[13],1.2915
u_ibex_core.id_stage_i.controller_i.instr_i,instr_addr_o[12],1.3214
u_ibex_core.id_stage_i.controller_i.instr_i,data_addr_o[15],1.3293
u_ibex_core.id_stage_i.controller_i.instr_i,data_addr_o[16],1.3308
u_ibex_core.id_stage_i.controller_i.instr_i,instr_addr_o[10],1.3558
u_ibex_core.id_stage_i.controller_i.instr_i,data_addr_o[14],1.3567
u_ibex_core.id_stage_i.controller_i.instr_i,instr_addr_o[11],1.3584
u_ibex_core.id_stage_i.controller_i.instr_i,data_addr_o[13],1.402
u_ibex_core.id_stage_i.controller_i.instr_i,instr_addr_o[9],1.4093
u_ibex_core.id_stage_i.controller_i.instr_i,data_addr_o[12],1.4459
u_ibex_core.id_stage_i.controller_i.instr_i,data_wdata_o[0],1.446
u_ibex_core.id_stage_i.controller_i.instr_i,instr_addr_o[8],1.4509
u_ibex_core.id_stage_i.controller_i.instr_i,data_wdata_o[4],1.4526
u_ibex_core.id_stage_i.controller_i.instr_i,data_wdata_o[25],1.4526
u_ibex_core.id_stage_i.controller_i.instr_i,data_wdata_o[29],1.4526
u_ibex_core.id_stage_i.controller_i.instr_i,data_wdata_o[10],1.4532
u_ibex_core.id_stage_i.controller_i.instr_i,data_wdata_o[21],1.4532
u_ibex_core.id_stage_i.controller_i.instr_i,data_wdata_o[2],1.4532
u_ibex_core.id_stage_i.controller_i.instr_i,data_wdata_o[9],1.4532
u_ibex_core.id_stage_i.controller_i.instr_i,data_wdata_o[19],1.4554
u_ibex_core.id_stage_i.controller_i.instr_i,data_wdata_o[11],1.4569
u_ibex_core.id_stage_i.controller_i.instr_i,data_wdata_o[14],1.4569
u_ibex_core.id_stage_i.controller_i.instr_i,data_wdata_o[17],1.4569
u_ibex_core.id_stage_i.controller_i.instr_i,data_wdata_o[18],1.4569
u_ibex_core.id_stage_i.controller_i.instr_i,data_wdata_o[30],1.4569
u_ibex_core.id_stage_i.controller_i.instr_i,data_wdata_o[1],1.4569
u_ibex_core.id_stage_i.controller_i.instr_i,data_addr_o[11],1.457
u_ibex_core.id_stage_i.controller_i.instr_i,data_wdata_o[13],1.4588
u_ibex_core.id_stage_i.controller_i.instr_i,data_wdata_o[12],1.459
u_ibex_core.id_stage_i.controller_i.instr_i,data_wdata_o[27],1.459
u_ibex_core.id_stage_i.controller_i.instr_i,data_wdata_o[3],1.459
u_ibex_core.id_stage_i.controller_i.instr_i,data_wdata_o[5],1.459
u_ibex_core.id_stage_i.controller_i.instr_i,data_be_o[1],1.4595
u_ibex_core.id_stage_i.controller_i.instr_i,data_wdata_o[20],1.4599
u_ibex_core.id_stage_i.controller_i.instr_i,data_wdata_o[8],1.4626
u_ibex_core.id_stage_i.controller_i.instr_i,data_addr_o[10],1.4644
u_ibex_core.id_stage_i.controller_i.instr_i,instr_addr_o[7],1.4863
u_ibex_core.id_stage_i.controller_i.instr_i,data_wdata_o[15],1.5005
u_ibex_core.id_stage_i.controller_i.instr_i,data_wdata_o[22],1.5005
u_ibex_core.id_stage_i.controller_i.instr_i,data_wdata_o[7],1.5005
u_ibex_core.id_stage_i.controller_i.instr_i,data_wdata_o[16],1.5005
u_ibex_core.id_stage_i.controller_i.instr_i,data_wdata_o[23],1.5005
u_ibex_core.id_stage_i.controller_i.instr_i,data_wdata_o[6],1.5005
u_ibex_core.id_stage_i.controller_i.instr_i,data_wdata_o[28],1.51
u_ibex_core.id_stage_i.controller_i.instr_i,data_wdata_o[31],1.51
u_ibex_core.id_stage_i.controller_i.instr_i,instr_addr_o[6],1.5143
u_ibex_core.id_stage_i.controller_i.instr_i,data_wdata_o[24],1.5177
u_ibex_core.id_stage_i.controller_i.instr_i,data_wdata_o[26],1.5177
u_ibex_core.id_stage_i.controller_i.instr_i,data_addr_o[9],1.5219
u_ibex_core.id_stage_i.controller_i.instr_i,instr_addr_o[5],1.5396
u_ibex_core.id_stage_i.controller_i.instr_i,data_be_o[3],1.5514
u_ibex_core.id_stage_i.controller_i.instr_i,instr_addr_o[3],1.5574
u_ibex_core.id_stage_i.controller_i.instr_i,data_be_o[2],1.5612
u_ibex_core.id_stage_i.controller_i.instr_i,data_addr_o[8],1.5675
u_ibex_core.id_stage_i.controller_i.instr_i,data_be_o[0],1.5837
u_ibex_core.id_stage_i.controller_i.instr_i,data_addr_o[7],1.5858
u_ibex_core.id_stage_i.controller_i.instr_i,instr_addr_o[4],1.5923
u_ibex_core.id_stage_i.controller_i.instr_i,instr_addr_o[2],1.6219
u_ibex_core.id_stage_i.controller_i.instr_i,data_addr_o[6],1.6243
u_ibex_core.id_stage_i.controller_i.instr_i,data_addr_o[5],1.6383
u_ibex_core.id_stage_i.controller_i.instr_i,data_addr_o[3],1.6808
u_ibex_core.id_stage_i.controller_i.instr_i,data_addr_o[4],1.6883
u_ibex_core.id_stage_i.controller_i.instr_i,data_addr_o[2],1.7334
u_ibex_core.id_stage_i.controller_i.instr_i,instr_req_o,1.9496
u_ibex_core.id_stage_i.controller_i.instr_i,data_req_o,2.0708
u_ibex_core.id_stage_i.controller_i.instr_i,data_we_o,2.1653
u_ibex_core.cs_registers_i.mie_q,core_sleep_o,2.7499
